-Where does your boss operate? -Mauricinho? does کُنه کنه
میکُنه؟ میکُنه؟
Come on, man. The guy is crashing at my place. guy مَرد مرد
بیخیال،مَرد بیخیال،مَرد
So? What's my next mission? next بَعد بعد
بَعدیم بَعدیم
Can we go for a little ride around here? around دُور دور
دُوری دُوری
You wanna fucking kill us? kill کُشت کشت
کُشتن کُشتن
I'm not letting you leave this house. leave تَرْک ترک
تَرْک تَرْک
He's the greatest guy I know. guy مَرد مرد
مَردیه مَردیه
And take my son away from me. away دور دور
دور دور
What does he do? How old is he? does کُنه کنه
میکُنه؟ میکُنه؟
But it'll make you go crazy, then kill you. then بَعد بعد
بَعد بَعد
But it'll make you go crazy, then kill you. kill کُشت کشت
میکُشتت میکُشتت
You're gonna quit that shit. quit تَرْک ترک
تَرْک تَرْک
Here. Go for it. There's no doping test here. test تِسْت تست
تِسْت تِسْت
I have to quit the operation. It's compromised. quit تَرْک ترک
تَرْک تَرْک
Do you think we sell on credit? on روش روش
میفروشیم؟ میفروشیم؟
Dom, please! I quit using coke. quit تَرْک ترک
تَرْک تَرْک
I quit using. I'm doing better now. quit تَرْک ترک
تَرْک تَرْک
Come on, man. I'm doing better. I quit coke. quit تَرْک ترک
تَرْک تَرْک
Paloma is already on it. on روش روش
روش روش
I can quit whenever I want. quit تَرْک ترک
تَرْک تَرْک
-He's here to help. -Stay away from me! away دور دور
دور دور
They stuff their noses then come here asking for help. then بَعد بعد
بَعد بَعد
It won't be juvie next time. next بَعد بعد
بَعد بَعد
They tortured and drowned her, then they set up that scene. then بَعد بعد
بَعد بَعد
They tortured and drowned her, then they set up that scene. then بَعد بعد
کردن،بَعدش کردن،بَعدش
The fresh meat just came in, boss! meat گوشْت گوشت
گوشْت گوشْت
-The fresh meat never arrived. -I see. meat گوشْت گوشت
گوشْت گوشْت
And you're gonna go get the fresh meat in his place. meat گوشْت گوشت
گوشْت گوشْت
the guy who sells the fruit. guy مَرد مرد
مَردی مَردی
No man will ever hit me again. man مَرد مرد
مَردی مَردی
A bit hot though. hot گَرْم گرم
گَرْمه گَرْمه
The next race is in half an hour. next بَعد بعد
بَعدی بَعدی
It must be full of security guards. It's too fucking risky. full پُر پر
پُر پُر
She came home full of injuries. full پُر پر
پُر پُر
-I didn't kill him. -Sit down! kill کُشت کشت
نکُشتمش نکُشتمش
You want me to stay away from you? away دور دور
دور دور
Selling coconuts on the beach? on روش روش
میفروشی؟ میفروشی؟
The mayor just appointed the CFD's next commissioner. next بَعد بعد
بَعدی بَعدی
Coleman, our head of maintenance. head کَلَّم کلم
کَلَّمن، کَلَّمن،
The man has been making lots of dynamic changes. man مَرد مرد
مَردی مَردی
I'm going to ask you the same thing. ask پُرْس پرس
بپُرْسم بپُرْسم
We started out FaceTiming, then phone calls. then بَعد بعد
بَعد بَعد
to this part of the island, and we had 40 volunteers part قِسْم قسم
قِسْمت قِسْمت
That is my favorite part of riding Squad. part قِسْم قسم
قِسْمت قِسْمت
- to next year's picnic. - Aww. next بَعد بعد
بَعد بَعد
to pair us together with the next call. next بَعد بعد
بَعدی بَعدی
- Catch you on the next one. - Yeah. next بَعد بعد
بَعدی بَعدی
- Can I ask you something? - Shoot. ask پُرْس پرس
بپُرْسم؟ بپُرْسم؟
- Can I ask you something? - Shoot. ask پُرْس پرس
بپُرْس بپُرْس
I would ask Brett, but... ask پُرْس پرس
بپُرْسم بپُرْسم
They got me doing a day here and then a week of desk-duty then بَعد بعد
بَعدش بَعدش
Let me ask you this, though: ask پُرْس پرس
بپُرْسم بپُرْسم
Everything around you just... around دُور دور
دُور دُور
as the next lieutenant on Engine 51. next بَعد بعد
بَعدی بَعدی
Still got a few rooms to check out on one. check چِک چک
چِک چِک
then we can head out. then بَعد بعد
بَعدش بَعدش
Well, you know, better be careful next time. next بَعد بعد
بَعد بَعد
and kept on selling them under a different name. on روش روش
فروش فروش
I'll see you next time. next بَعد بعد
بَعد بَعد
These people must be dead inside. dead مُرد مرد
مُرده مُرده
You know, if you ask him to explain the difference ask پُرْس پرس
بپُرْسي بپُرْسي
Yeah, you'll be fine. Just keep pressure on it. on روش روش
روشو روشو
Ambulance 12 is ten minutes out. ten دَه ده
دَه دَه
His sats are way down. way رَوِش روش
رَوِشی رَوِشی
And then we're gonna dig into your private life. then بَعد بعد
بَعد بَعد
Uh... total is $22.50. total کُل کل
کُلا کُلا
Your man there said I better step back. man مَرد مرد
مَردت مَردت
They were probably trying to kill her or both of us kill کُشت کشت
کُشتن کُشتن
Your man here saved a few lives on his way out. man مَرد مرد
مَرد مَرد
do you think I should check on him? check چِک چک
چِک چِک
I only just worked up the nerve to ask the chaplain out. ask پُرْس پرس
بپُرْس بپُرْس
Cleaning up at her hotel then heading back here. then بَعد بعد
بَعد بَعد
Turn your face away from the window. away دور دور
دور دور
But you seem like the kind of guy guy مَرد مرد
مَرد مَرد
or they will post your failure on Twitter post پُست پست
پُست پُست
And then we turn on the ambo's lights, then بَعد بعد
بَعد بَعد
And then we turn on the ambo's lights, on روش روش
روشن روشن
Shouldn't you just question Gordon Mayfield? question پُرْس پرس
بپُرْسی بپُرْسی
which makes me ask myself, ask پُرْس پرس
بپُرْسم بپُرْسم
"Why would a guy that smart guy مَرد مرد
مَرد مَرد
There are better ways to kill people. kill کُشت کشت
کُشتن کُشتن
and then we should be good to go. then بَعد بعد
بَعد بَعد
Wasn't sure if Leslie Butler was a man or a woman man مَرد مرد
مَرده مَرده
I'm either away from my desk or out of the office. away دور دور
دور دور
check for warping, but, yeah, she's... check چِک چک
چِک چِک
and then Foster and I do a non-cheer presentation then بَعد بعد
بَعدش بَعدش
hauling it around from one place to another, around دُور دور
دُور دُور
She's got the doctor's name on it. on روش روش
روش روش
And then there's the performance portion. then بَعد بعد
بَعد بَعد
Okay, Riley, next we're gonna do what's called wet sanding. next بَعد بعد
بَعدا بَعدا
Can I ask you a question? ask پُرْس پرس
بپُرْسم بپُرْسم
then I felt weird, then بَعد بعد
بَعدش بَعدش
Anita, can I ask you something? ask پُرْس پرس
بپُرْسم؟ بپُرْسم؟
Gimme ten minutes. ten دَه ده
بدَه بدَه
Like, she'd eat a rock if I put peanut butter on it. on روش روش
روش روش
Like, she'd eat a rock if I put peanut butter on it. butter کَره کره
کَره کَره
That man right there. man مَرد مرد
مَردی مَردی
I didn't have that part figured out. part قِسْم قسم
قِسْمتش قِسْمتش
I will check first before I bring both barrels. check چِک چک
چِک چِک
All right, next up we have Tuesday the Dalmatian next بَعد بعد
بَعد بَعد
and you're just trying to find your way through it, way رَوِش روش
رَوِش رَوِش
but you're barely a man at all. man مَرد مرد
مَرد مَرد
I was backing the truck up for Otis and next thing I know next بَعد بعد
بَعدش بَعدش
Poor guy never had a chance. guy مَرد مرد
مَرد مَرد
I was doing a loop around the truck yards around دُور دور
دُور دُور
I mean, middle-aged guy decked out in safety gear. guy مَرد مرد
مَرد مَرد
Okay, fine. We'll fix it next shift. next بَعد بعد
بَعد بَعد
About once a year you ask me this, ask پُرْس پرس
میپُرْسی میپُرْسی
You ask a lot of questions. ask پُرْس پرس
میپُرْسی. میپُرْسی.
You ask me anything you want. ask پُرْس پرس
بپُرْس. بپُرْس.
he rides out to Denver and then we hit the road together. then بَعد بعد
بَعدش بَعدش
Drinks, then we went to my place. then بَعد بعد
بَعدش بَعدش
